<?xml version="1.0" encoding="UTF-8"?>
<testng-results ignored="0" total="1" passed="1" failed="0" skipped="0">
  <reporter-output>
  </reporter-output>
  <suite started-at="2025-02-07T16:57:42 IST" name="Default suite" finished-at="2025-02-07T16:57:45 IST" duration-ms="2730">
    <groups>
    </groups>
    <test started-at="2025-02-07T16:57:42 IST" name="Default test" finished-at="2025-02-07T16:57:45 IST" duration-ms="2730">
      <class name="com.dem.projecttest">
        <test-method signature="test()[pri:0, instance:com.dem.projecttest@791f145a]" started-at="2025-02-07T16:57:42 IST" name="test" finished-at="2025-02-07T16:57:45 IST" duration-ms="2678" status="PASS">
          <reporter-output>
          </reporter-output>
        </test-method> <!-- test -->
      </class> <!-- com.dem.projecttest -->
    </test> <!-- Default test -->
  </suite> <!-- Default suite -->
</testng-results>
